#
# There is insufficient memory for the Java Runtime Environment to continue.
# Native memory allocation (mmap) failed to map 532676608 bytes for G1 virtual space
# Possible reasons:
#   The system is out of physical RAM or swap space
#   The process is running with CompressedOops enabled, and the Java Heap may be blocking the growth of the native heap
# Possible solutions:
#   Reduce memory load on the system
#   Increase physical memory or swap space
#   Check if swap backing store is full
#   Decrease Java heap size (-Xmx/-Xms)
#   Decrease number of Java threads
#   Decrease Java thread stack sizes (-Xss)
#   Set larger code cache with -XX:ReservedCodeCacheSize=
#   JVM is running with Zero Based Compressed Oops mode in which the Java heap is
#     placed in the first 32GB address space. The Java Heap base address is the
#     maximum limit for the native heap growth. Please use -XX:HeapBaseMinAddress
#     to set the Java Heap base and to place the Java Heap above 32GB virtual address.
# This output file may be truncated or incomplete.
#
#  Out of Memory Error (os_windows.cpp:3760), pid=53608, tid=35848
#
# JRE version:  (17.0.5+1) (build )
# Java VM: OpenJDK 64-Bit Server VM (17.0.5+1-b653.14, mixed mode, sharing, tiered, compressed oops, compressed class ptrs, g1 gc, windows-amd64)
# No core dump will be written. Minidumps are not enabled by default on client versions of Windows
#

---------------  S U M M A R Y ------------

Command Line: git4idea.http.GitAskPassApp Username for 'https://github.com': 

Host: 11th Gen Intel(R) Core(TM) i7-1165G7 @ 2.80GHz, 8 cores, 31G,  Windows 10 , 64 bit Build 19041 (10.0.19041.2788)
Time: Mon May  8 17:52:32 2023  Windows 10 , 64 bit Build 19041 (10.0.19041.2788) elapsed time: 0.031820 seconds (0d 0h 0m 0s)

---------------  T H R E A D  ---------------

Current thread (0x000002b0b54a70b0):  JavaThread "Unknown thread" [_thread_in_vm, id=35848, stack(0x000000c5db900000,0x000000c5dba00000)]

Stack: [0x000000c5db900000,0x000000c5dba00000]
Native frames: (J=compiled Java code, j=interpreted, Vv=VM code, C=native code)
V  [jvm.dll+0x6830ca]
V  [jvm.dll+0x83f4c4]
V  [jvm.dll+0x840c6e]
V  [jvm.dll+0x8412d3]
V  [jvm.dll+0x2490b5]
V  [jvm.dll+0x67ff99]
V  [jvm.dll+0x6744aa]
V  [jvm.dll+0x308f2b]
V  [jvm.dll+0x3103e6]
V  [jvm.dll+0x36013e]
V  [jvm.dll+0x36036f]
V  [jvm.dll+0x2df018]
V  [jvm.dll+0x2dff84]
V  [jvm.dll+0x810d91]
V  [jvm.dll+0x36df31]
V  [jvm.dll+0x7f028c]
V  [jvm.dll+0x3f0cbf]
V  [jvm.dll+0x3f2801]
C  [jli.dll+0x526b]
C  [ucrtbase.dll+0x21bb2]
C  [KERNEL32.DLL+0x17604]
C  [ntdll.dll+0x526a1]


---------------  P R O C E S S  ---------------

Threads class SMR info:
_java_thread_list=0x00007fff5da38f98, length=0, elements={
}

Java Threads: ( => current thread )

Other Threads:
  0x000002b0b54fcd50 GCTaskThread "GC Thread#0" [stack: 0x000000c5dba00000,0x000000c5dbb00000] [id=11240]
  0x000002b0b7644cd0 ConcurrentGCThread "G1 Main Marker" [stack: 0x000000c5dbb00000,0x000000c5dbc00000] [id=29732]
  0x000002b0b544a4f0 ConcurrentGCThread "G1 Conc#0" [stack: 0x000000c5dbc00000,0x000000c5dbd00000] [id=5332]

[error occurred during error reporting (printing all threads), id 0xc0000005, EXCEPTION_ACCESS_VIOLATION (0xc0000005) at pc=0x00007fff5d1efbd7]

VM state: not at safepoint (not fully initialized)

VM Mutex/Monitor currently owned by a thread:  ([mutex/lock_event])
[0x000002b0b7658e50] Heap_lock - owner thread: 0x000002b0b54a70b0

Heap address: 0x0000000605000000, size: 8112 MB, Compressed Oops mode: Zero based, Oop shift amount: 3

CDS archive(s) mapped at: [0x0000000000000000-0x0000000000000000-0x0000000000000000), size 0, SharedBaseAddress: 0x0000000800000000, ArchiveRelocationMode: 0.
Narrow klass base: 0x0000000000000000, Narrow klass shift: 0, Narrow klass range: 0x0

GC Precious Log:
<Empty>

Heap:
 garbage-first heap   total 0K, used 0K [0x0000000605000000, 0x0000000800000000)
  region size 4096K, 0 young (0K), 0 survivors (0K)

[error occurred during error reporting (printing heap information), id 0xc0000005, EXCEPTION_ACCESS_VIOLATION (0xc0000005) at pc=0x00007fff5d5dcd59]

GC Heap History (0 events):
No events

Dll operation events (1 events):
Event: 0.011 Loaded shared library C:\Program Files\JetBrains\PyCharm 2022.3\jbr\bin\java.dll

Deoptimization events (0 events):
No events

Classes unloaded (0 events):
No events

Classes redefined (0 events):
No events

Internal exceptions (0 events):
No events

VM Operations (0 events):
No events

Events (0 events):
No events


Dynamic libraries:
0x00007ff6dc250000 - 0x00007ff6dc25a000 	C:\Program Files\JetBrains\PyCharm 2022.3\jbr\bin\java.exe
0x00007ffff03b0000 - 0x00007ffff05a8000 	C:\Windows\SYSTEM32\ntdll.dll
0x00007ffff0180000 - 0x00007ffff023f000 	C:\Windows\System32\KERNEL32.DLL
0x00007fffede10000 - 0x00007fffee0ea000 	C:\Windows\System32\KERNELBASE.dll
0x00007fffee140000 - 0x00007fffee240000 	C:\Windows\System32\ucrtbase.dll
0x00007fffdd7c0000 - 0x00007fffdd7d7000 	C:\Program Files\JetBrains\PyCharm 2022.3\jbr\bin\jli.dll
0x00007fffdba70000 - 0x00007fffdba8b000 	C:\Program Files\JetBrains\PyCharm 2022.3\jbr\bin\VCRUNTIME140.dll
0x00007fffee890000 - 0x00007fffeea2d000 	C:\Windows\System32\USER32.dll
0x00007fffedc20000 - 0x00007fffedc42000 	C:\Windows\System32\win32u.dll
0x00007fffee6b0000 - 0x00007fffee6db000 	C:\Windows\System32\GDI32.dll
0x00007fffedd00000 - 0x00007fffede10000 	C:\Windows\System32\gdi32full.dll
0x00007fffee270000 - 0x00007fffee30d000 	C:\Windows\System32\msvcp_win.dll
0x00007fffdf9d0000 - 0x00007fffdfc6a000 	C:\Windows\WinSxS\amd64_microsoft.windows.common-controls_6595b64144ccf1df_6.0.19041.1110_none_60b5254171f9507e\COMCTL32.dll
0x00007fffee530000 - 0x00007fffee5ce000 	C:\Windows\System32\msvcrt.dll
0x00007fffefb50000 - 0x00007fffefb80000 	C:\Windows\System32\IMM32.DLL
0x00007fffdec10000 - 0x00007fffdec1c000 	C:\Program Files\JetBrains\PyCharm 2022.3\jbr\bin\vcruntime140_1.dll
0x00007fffad2c0000 - 0x00007fffad34d000 	C:\Program Files\JetBrains\PyCharm 2022.3\jbr\bin\msvcp140.dll
0x00007fff5cf00000 - 0x00007fff5db6b000 	C:\Program Files\JetBrains\PyCharm 2022.3\jbr\bin\server\jvm.dll
0x00007fffefc00000 - 0x00007fffefcae000 	C:\Windows\System32\ADVAPI32.dll
0x00007fffeee50000 - 0x00007fffeeeec000 	C:\Windows\System32\sechost.dll
0x00007fffeed20000 - 0x00007fffeee46000 	C:\Windows\System32\RPCRT4.dll
0x00007fffe47d0000 - 0x00007fffe47d9000 	C:\Windows\SYSTEM32\WSOCK32.dll
0x00007fffefb80000 - 0x00007fffefbeb000 	C:\Windows\System32\WS2_32.dll
0x00007fffe32e0000 - 0x00007fffe32ea000 	C:\Windows\SYSTEM32\VERSION.dll
0x00007fffd7290000 - 0x00007fffd72b7000 	C:\Windows\SYSTEM32\WINMM.dll
0x00007fffec2c0000 - 0x00007fffec2d2000 	C:\Windows\SYSTEM32\kernel.appcore.dll
0x00007fffe1f00000 - 0x00007fffe1f0a000 	C:\Program Files\JetBrains\PyCharm 2022.3\jbr\bin\jimage.dll
0x00007fffeb6d0000 - 0x00007fffeb8b4000 	C:\Windows\SYSTEM32\DBGHELP.DLL
0x00007fffe27d0000 - 0x00007fffe2804000 	C:\Windows\SYSTEM32\dbgcore.DLL
0x00007fffee310000 - 0x00007fffee392000 	C:\Windows\System32\bcryptPrimitives.dll
0x00007fffd4a10000 - 0x00007fffd4a35000 	C:\Program Files\JetBrains\PyCharm 2022.3\jbr\bin\java.dll

dbghelp: loaded successfully - version: 4.0.5 - missing functions: none
symbol engine: initialized successfully - sym options: 0x614 - pdb path: .;C:\Program Files\JetBrains\PyCharm 2022.3\jbr\bin;C:\Windows\SYSTEM32;C:\Windows\WinSxS\amd64_microsoft.windows.common-controls_6595b64144ccf1df_6.0.19041.1110_none_60b5254171f9507e;C:\Program Files\JetBrains\PyCharm 2022.3\jbr\bin\server

VM Arguments:
java_command: git4idea.http.GitAskPassApp Username for 'https://github.com': 
java_class_path (initial): C:/Program Files/JetBrains/PyCharm 2022.3/plugins/vcs-git/lib/git4idea-rt.jar;C:/Program Files/JetBrains/PyCharm 2022.3/lib/externalProcess-rt.jar;C:/Program Files/JetBrains/PyCharm 2022.3/lib/app.jar;C:/Program Files/JetBrains/PyCharm 2022.3/lib/3rd-party-rt.jar
Launcher Type: SUN_STANDARD

[Global flags]
     intx CICompilerCount                          = 4                                         {product} {ergonomic}
     uint ConcGCThreads                            = 2                                         {product} {ergonomic}
     uint G1ConcRefinementThreads                  = 8                                         {product} {ergonomic}
   size_t G1HeapRegionSize                         = 4194304                                   {product} {ergonomic}
    uintx GCDrainStackTargetSize                   = 64                                        {product} {ergonomic}
   size_t InitialHeapSize                          = 532676608                                 {product} {ergonomic}
   size_t MarkStackSize                            = 4194304                                   {product} {ergonomic}
   size_t MaxHeapSize                              = 8506048512                                {product} {ergonomic}
   size_t MinHeapDeltaBytes                        = 4194304                                   {product} {ergonomic}
   size_t MinHeapSize                              = 8388608                                   {product} {ergonomic}
    uintx NonNMethodCodeHeapSize                   = 5839372                                {pd product} {ergonomic}
    uintx NonProfiledCodeHeapSize                  = 122909434                              {pd product} {ergonomic}
    uintx ProfiledCodeHeapSize                     = 122909434                              {pd product} {ergonomic}
    uintx ReservedCodeCacheSize                    = 251658240                              {pd product} {ergonomic}
     bool SegmentedCodeCache                       = true                                      {product} {ergonomic}
   size_t SoftMaxHeapSize                          = 8506048512                             {manageable} {ergonomic}
     bool UseCompressedClassPointers               = true                           {product lp64_product} {ergonomic}
     bool UseCompressedOops                        = true                           {product lp64_product} {ergonomic}
     bool UseG1GC                                  = true                                      {product} {ergonomic}
     bool UseLargePagesIndividualAllocation        = false                                  {pd product} {ergonomic}

Logging:
Log output configuration:
 #0: stdout all=warning uptime,level,tags
 #1: stderr all=off uptime,level,tags

Environment Variables:
PATH=C:\Program Files\Common Files\Oracle\Java\javapath;C:\windows\system32;C:\windows;C:\windows\System32\Wbem;C:\windows\System32\WindowsPowerShell\v1.0\;C:\windows\System32\OpenSSH\;C:\Program Files (x86)\NVIDIA Corporation\PhysX\Common;C:\Program Files\NVIDIA Corporation\NVIDIA NvDLISR;C:\Program Files\Bandizip\;C:\MinGW\bin;C:\MinGW\msys\1.0\bin;;C:\Program Files\dotnet\;C:\Program Files\Docker\Docker\resources\bin;C:\Users\USER\.cargo\bin;C:\Python\Scripts\;C:\Python\;C:\Users\USER\AppData\Local\Microsoft\WindowsApps;C:\Users\USER\AppData\Local\Programs\Microsoft VS Code\bin;C:\MinGW\bin;C:\MinGW\msys\1.0\bin;C:\Program Files\JetBrains\PyCharm Community Edition 2022.1.3\bin;C:\Users\USER\AppData\Local\GitHubDesktop\bin;C:\Users\USER\AppData\Local\gitkraken\bin;C:\Users\USER\AppData\Local\JetBrains\Toolbox\scripts;
USERNAME=USER
OS=Windows_NT
PROCESSOR_IDENTIFIER=Intel64 Family 6 Model 140 Stepping 1, GenuineIntel
TMP=C:\Users\USER\AppData\Local\Temp
TEMP=C:\Users\USER\AppData\Local\Temp



---------------  S Y S T E M  ---------------

OS:
 Windows 10 , 64 bit Build 19041 (10.0.19041.2788)
OS uptime: 23 days 23:33 hours
Hyper-V role detected

CPU: total 8 (initial active 8) (4 cores per cpu, 2 threads per core) family 6 model 140 stepping 1 microcode 0x9a, cx8, cmov, fxsr, ht, mmx, 3dnowpref, sse, sse2, sse3, ssse3, sse4.1, sse4.2, popcnt, lzcnt, tsc, tscinvbit, avx, avx2, aes, erms, clmul, bmi1, bmi2, adx, avx512f, avx512dq, avx512cd, avx512bw, avx512vl, sha, fma, vzeroupper, avx512_vpopcntdq, avx512_vpclmulqdq, avx512_vaes, avx512_vnni, clflush, clflushopt, clwb, avx512_vbmi2, avx512_vbmi, hv

Memory: 4k page, system-wide physical 32441M (12980M free)
TotalPageFile size 130745M (AvailPageFile size 399M)
current process WorkingSet (physical memory assigned to process): 10M, peak: 10M
current process commit charge ("private bytes"): 60M, peak: 568M

vm_info: OpenJDK 64-Bit Server VM (17.0.5+1-b653.14) for windows-amd64 JRE (17.0.5+1-b653.14), built on 2022-11-10 by "builduser" with MS VC++ 16.10 / 16.11 (VS2019)

END.
